[logsAndroid_pixel30 INFO ] 2023-11-10 17:16:52.571 BaseTest:220 - log path: logs\Android_pixel30
[logsAndroid_pixel30 INFO ] 2023-11-10 17:16:52.689 BaseTest:227 - load config.properties
[logsAndroid_pixel30 INFO ] 2023-11-10 17:16:52.764 BaseTest:232 - load strings/strings.xml
[logsAndroid_pixel30 INFO ] 2023-11-10 17:16:53.117 BaseTest:257 - appUrl isC:\appium\appiumcici-2.0\appiumcici-2.0\src\test\resources\app\Android.SauceLabs.Mobile.Sample.app.2.2.1.apk
[logsAndroid_pixel30 FATAL] 2023-11-10 17:26:57.119 BaseTest:282 - driver initialization failure. ABORT!!!
org.openqa.selenium.SessionNotCreatedException: Could not start a new session. Possible causes are invalid address of the remote server or browser start-up failure. 
Host info: host: 'DESKTOP-PQ6OFHU', ip: '172.31.208.1'
[logsAndroid_pixel30 INFO ] 2023-11-10 20:43:20.690 BaseTest:220 - log path: logs\Android_pixel30
[logsAndroid_pixel30 INFO ] 2023-11-10 20:43:20.711 BaseTest:227 - load config.properties
[logsAndroid_pixel30 INFO ] 2023-11-10 20:43:20.715 BaseTest:232 - load strings/strings.xml
[logsAndroid_pixel30 INFO ] 2023-11-10 20:43:20.749 BaseTest:257 - appUrl isC:\appium\appiumcici-2.0\appiumcici-2.0\src\test\resources\app\Android.SauceLabs.Mobile.Sample.app.2.2.1.apk
[logsAndroid_pixel30 INFO ] 2023-11-10 21:08:20.461 BaseTest:222 - log path: logs\Android_pixel30
[logsAndroid_pixel30 INFO ] 2023-11-10 21:08:20.470 BaseTest:229 - load config.properties
[logsAndroid_pixel30 INFO ] 2023-11-10 21:08:20.472 BaseTest:234 - load strings/strings.xml
[logsAndroid_pixel30 INFO ] 2023-11-10 21:08:20.513 BaseTest:259 - appUrl isC:\appium\appiumcici-2.0\appiumcici-2.0\src\test\resources\app\Android.SauceLabs.Mobile.Sample.app.2.2.1.apk
[logsAndroid_pixel30 INFO ] 2023-11-10 21:15:06.625 BaseTest:222 - log path: logs\Android_pixel30
[logsAndroid_pixel30 INFO ] 2023-11-10 21:16:34.669 BaseTest:229 - load config.properties
[logsAndroid_pixel30 INFO ] 2023-11-10 21:16:40.419 BaseTest:234 - load strings/strings.xml
[logsAndroid_pixel30 INFO ] 2023-11-10 21:18:26.164 BaseTest:259 - appUrl isC:\appium\appiumcici-2.0\appiumcici-2.0\src\test\resources\app\Android.SauceLabs.Mobile.Sample.app.2.2.1.apk
[logsAndroid_pixel30 FATAL] 2023-11-10 21:34:56.184 BaseTest:284 - driver initialization failure. ABORT!!!
org.openqa.selenium.SessionNotCreatedException: Could not start a new session. Possible causes are invalid address of the remote server or browser start-up failure. 
Host info: host: 'DESKTOP-PQ6OFHU', ip: '172.31.208.1'
[logsAndroid_pixel30 INFO ] 2023-11-10 21:39:39.326 BaseTest:222 - log path: logs\Android_pixel30
[logsAndroid_pixel30 INFO ] 2023-11-10 21:39:39.336 BaseTest:229 - load config.properties
[logsAndroid_pixel30 INFO ] 2023-11-10 21:39:39.338 BaseTest:234 - load strings/strings.xml
[logsAndroid_pixel30 INFO ] 2023-11-10 21:39:39.364 BaseTest:259 - appUrl isC:\appium\appiumcici-2.0\appiumcici-2.0\src\test\resources\app\Android.SauceLabs.Mobile.Sample.app.2.2.1.apk
[logsAndroid_pixel30 INFO ] 2023-11-10 21:44:19.839 BaseTest:222 - log path: logs\Android_pixel30
[logsAndroid_pixel30 INFO ] 2023-11-10 21:44:19.851 BaseTest:229 - load config.properties
[logsAndroid_pixel30 INFO ] 2023-11-10 21:44:19.852 BaseTest:234 - load strings/strings.xml
[logsAndroid_pixel30 INFO ] 2023-11-10 21:44:19.891 BaseTest:259 - appUrl isC:\appium\appiumcici-2.0\appiumcici-2.0\src\test\resources\app\Android.SauceLabs.Mobile.Sample.app.2.2.1.apk
[logsAndroid_pixel30 FATAL] 2023-11-10 21:44:55.804 BaseTest:285 - driver initialization failure. ABORT!!!
org.openqa.selenium.SessionNotCreatedException: Could not start a new session. Response code 500. Message: An unknown server-side error occurred while processing the command. Original error: The application at 'C:\appium\appiumcici-2.0\appiumcici-2.0\src\test\resources\app\Android.SauceLabs.Mobile.Sample.app.2.2.1.apk' does not exist or is not accessible 
Host info: host: 'DESKTOP-PQ6OFHU', ip: '172.31.208.1'
Build info: version: '4.13.0', revision: 'ba948ece5b*'
System info: os.name: 'Windows 10', os.arch: 'amd64', os.version: '10.0', java.version: '11.0.17'
Driver info: io.appium.java_client.android.AndroidDriver
Command: [null, newSession {capabilities=[{appium:app=C:\appium\appiumcici-2.0\appiumcici-2.0\src\test\resources\app\Android.SauceLabs.Mobile.Sample.app.2.2.1.apk, appium:appActivity=com.swaglabsmobileapp.SplashActivity, appium:appPackage=com.swaglabsmobileapp, appium:automationName=UiAutomator2, appium:deviceName=pixel30, platformName=ANDROID, appium:udid=emulator-5554}], desiredCapabilities=Capabilities {app: C:\appium\appiumcici-2.0\ap..., appActivity: com.swaglabsmobileapp.Splas..., appPackage: com.swaglabsmobileapp, automationName: UiAutomator2, deviceName: pixel30, platformName: ANDROID, udid: emulator-5554}}]
Capabilities {app: C:\appium\appiumcici-2.0\ap..., appActivity: com.swaglabsmobileapp.Splas..., appPackage: com.swaglabsmobileapp, automationName: UiAutomator2, deviceName: pixel30, platformName: ANDROID, udid: emulator-5554}
[logsAndroid_pixel30 INFO ] 2023-11-10 21:49:05.446 BaseTest:222 - log path: logs\Android_pixel30
[logsAndroid_pixel30 INFO ] 2023-11-10 21:49:05.476 BaseTest:229 - load config.properties
[logsAndroid_pixel30 INFO ] 2023-11-10 21:49:05.479 BaseTest:234 - load strings/strings.xml
[logsAndroid_pixel30 INFO ] 2023-11-10 21:49:05.553 BaseTest:259 - appUrl isC:\appium\appiumcici-2.0\appiumcici-2.0\src\test\resources\app\Android.SauceLabs.Mobile.Sample.app.2.2.1.apk
[logsAndroid_pixel30 INFO ] 2023-11-10 21:50:18.465 BaseTest:222 - log path: logs\Android_pixel30
[logsAndroid_pixel30 INFO ] 2023-11-10 21:50:18.475 BaseTest:229 - load config.properties
[logsAndroid_pixel30 INFO ] 2023-11-10 21:50:18.478 BaseTest:234 - load strings/strings.xml
[logsAndroid_pixel30 INFO ] 2023-11-10 21:50:18.538 BaseTest:259 - appUrl isC:\appium\appiumcici-2.0\appiumcici-2.0\src\test\resources\app\Android.SauceLabs.Mobile.Sample.app.2.2.1.apk
[logsAndroid_pixel30 FATAL] 2023-11-10 21:52:08.435 BaseTest:285 - driver initialization failure. ABORT!!!
org.openqa.selenium.SessionNotCreatedException: Could not start a new session. Response code 500. Message: A new session could not be created. Details: 'systemPort' must be of type number 
Host info: host: 'DESKTOP-PQ6OFHU', ip: '172.31.208.1'
Build info: version: '4.13.0', revision: 'ba948ece5b*'
System info: os.name: 'Windows 10', os.arch: 'amd64', os.version: '10.0', java.version: '11.0.17'
Driver info: io.appium.java_client.android.AndroidDriver
Command: [null, newSession {capabilities=[{appium:app=C:\appium\appiumcici-2.0\appiumcici-2.0\src\test\resources\app\Android.SauceLabs.Mobile.Sample.app.2.2.1.apk, appium:appActivity=com.swaglabsmobileapp.SplashActivity, appium:appPackage=com.swaglabsmobileapp, appium:automationName=UiAutomator2, appium:chromeDriverPort=androidOnly, appium:deviceName=pixel30, platformName=ANDROID, appium:systemPort=androidOnly, appium:udid=emulator-5554}], desiredCapabilities=Capabilities {app: C:\appium\appiumcici-2.0\ap..., appActivity: com.swaglabsmobileapp.Splas..., appPackage: com.swaglabsmobileapp, automationName: UiAutomator2, chromeDriverPort: androidOnly, deviceName: pixel30, platformName: ANDROID, systemPort: androidOnly, udid: emulator-5554}}]
Capabilities {app: C:\appium\appiumcici-2.0\ap..., appActivity: com.swaglabsmobileapp.Splas..., appPackage: com.swaglabsmobileapp, automationName: UiAutomator2, chromeDriverPort: androidOnly, deviceName: pixel30, platformName: ANDROID, systemPort: androidOnly, udid: emulator-5554}
[logsAndroid_pixel30 INFO ] 2023-11-10 21:52:39.411 BaseTest:222 - log path: logs\Android_pixel30
[logsAndroid_pixel30 INFO ] 2023-11-10 21:52:39.422 BaseTest:229 - load config.properties
[logsAndroid_pixel30 INFO ] 2023-11-10 21:52:39.425 BaseTest:234 - load strings/strings.xml
[logsAndroid_pixel30 INFO ] 2023-11-10 21:52:39.466 BaseTest:259 - appUrl isC:\appium\appiumcici-2.0\appiumcici-2.0\src\test\resources\app\Android.SauceLabs.Mobile.Sample.app.2.2.1.apk
[logsAndroid_pixel30 FATAL] 2023-11-10 21:52:41.182 BaseTest:285 - driver initialization failure. ABORT!!!
org.openqa.selenium.SessionNotCreatedException: Could not start a new session. Response code 500. Message: A new session could not be created. Details: 'systemPort' must be of type number 
Host info: host: 'DESKTOP-PQ6OFHU', ip: '172.31.208.1'
Build info: version: '4.13.0', revision: 'ba948ece5b*'
System info: os.name: 'Windows 10', os.arch: 'amd64', os.version: '10.0', java.version: '11.0.17'
Driver info: io.appium.java_client.android.AndroidDriver
Command: [null, newSession {capabilities=[{appium:app=C:\appium\appiumcici-2.0\appiumcici-2.0\src\test\resources\app\Android.SauceLabs.Mobile.Sample.app.2.2.1.apk, appium:appActivity=com.swaglabsmobileapp.SplashActivity, appium:appPackage=com.swaglabsmobileapp, appium:automationName=UiAutomator2, appium:chromeDriverPort=androidOnly, appium:deviceName=pixel30, platformName=ANDROID, appium:systemPort=androidOnly, appium:udid=emulator-5554}], desiredCapabilities=Capabilities {app: C:\appium\appiumcici-2.0\ap..., appActivity: com.swaglabsmobileapp.Splas..., appPackage: com.swaglabsmobileapp, automationName: UiAutomator2, chromeDriverPort: androidOnly, deviceName: pixel30, platformName: ANDROID, systemPort: androidOnly, udid: emulator-5554}}]
Capabilities {app: C:\appium\appiumcici-2.0\ap..., appActivity: com.swaglabsmobileapp.Splas..., appPackage: com.swaglabsmobileapp, automationName: UiAutomator2, chromeDriverPort: androidOnly, deviceName: pixel30, platformName: ANDROID, systemPort: androidOnly, udid: emulator-5554}
[logsAndroid_pixel30 INFO ] 2023-11-10 21:56:46.270 BaseTest:222 - log path: logs\Android_pixel30
[logsAndroid_pixel30 INFO ] 2023-11-10 21:56:46.282 BaseTest:229 - load config.properties
[logsAndroid_pixel30 INFO ] 2023-11-10 21:56:46.290 BaseTest:234 - load strings/strings.xml
[logsAndroid_pixel30 INFO ] 2023-11-10 21:56:46.319 BaseTest:259 - appUrl isC:\appium\appiumcici-2.0\appiumcici-2.0\src\test\resources\app\Android.SauceLabs.Mobile.Sample.app.2.2.1.apk
[logsAndroid_pixel30 INFO ] 2023-11-10 21:58:27.301 BaseTest:222 - log path: logs\Android_pixel30
[logsAndroid_pixel30 INFO ] 2023-11-10 21:58:27.322 BaseTest:229 - load config.properties
[logsAndroid_pixel30 INFO ] 2023-11-10 21:58:27.324 BaseTest:234 - load strings/strings.xml
[logsAndroid_pixel30 INFO ] 2023-11-10 21:58:27.357 BaseTest:259 - appUrl isC:\appium\appiumcici-2.0\appiumcici-2.0\src\test\resources\app\Android.SauceLabs.Mobile.Sample.app.2.2.1.apk
[logsAndroid_pixel30 INFO ] 2023-11-10 22:02:07.343 BaseTest:222 - log path: logs\Android_pixel30
[logsAndroid_pixel30 INFO ] 2023-11-10 22:02:07.353 BaseTest:229 - load config.properties
[logsAndroid_pixel30 INFO ] 2023-11-10 22:02:07.355 BaseTest:234 - load strings/strings.xml
[logsAndroid_pixel30 INFO ] 2023-11-10 22:02:07.391 BaseTest:259 - appUrl isC:\appium\appiumcici-2.0\appiumcici-2.0\src\test\resources\app\Android.SauceLabs.Mobile.Sample.app.2.2.1.apk
